Determining if the Q_WS_WIN exist failed with the following output:
Change Dir: /home/tryan/voice_analytics/pyside/PySide-1.2.4/pyside_build/py3.5-qt4.8.7-64bit-release/pyside-tools/CMakeFiles/CMakeTmp

Run Build Command:"/usr/bin/make" "cmTC_353eb/fast"
/usr/bin/make -f CMakeFiles/cmTC_353eb.dir/build.make CMakeFiles/cmTC_353eb.dir/build
make[1]: Entering directory '/home/tryan/voice_analytics/pyside/PySide-1.2.4/pyside_build/py3.5-qt4.8.7-64bit-release/pyside-tools/CMakeFiles/CMakeTmp'
Building CXX object CMakeFiles/cmTC_353eb.dir/CheckSymbolExists.cxx.o
/usr/bin/c++    -I/usr/include/qt4   -o CMakeFiles/cmTC_353eb.dir/CheckSymbolExists.cxx.o -c /home/tryan/voice_analytics/pyside/PySide-1.2.4/pyside_build/py3.5-qt4.8.7-64bit-release/pyside-tools/CMakeFiles/CMakeTmp/CheckSymbolExists.cxx
/home/tryan/voice_analytics/pyside/PySide-1.2.4/pyside_build/py3.5-qt4.8.7-64bit-release/pyside-tools/CMakeFiles/CMakeTmp/CheckSymbolExists.cxx: In function ‘int main(int, char**)’:
/home/tryan/voice_analytics/pyside/PySide-1.2.4/pyside_build/py3.5-qt4.8.7-64bit-release/pyside-tools/CMakeFiles/CMakeTmp/CheckSymbolExists.cxx:8:19: error: ‘Q_WS_WIN’ was not declared in this scope
   return ((int*)(&Q_WS_WIN))[argc];
                   ^
CMakeFiles/cmTC_353eb.dir/build.make:65: recipe for target 'CMakeFiles/cmTC_353eb.dir/CheckSymbolExists.cxx.o' failed
make[1]: *** [CMakeFiles/cmTC_353eb.dir/CheckSymbolExists.cxx.o] Error 1
make[1]: Leaving directory '/home/tryan/voice_analytics/pyside/PySide-1.2.4/pyside_build/py3.5-qt4.8.7-64bit-release/pyside-tools/CMakeFiles/CMakeTmp'
Makefile:126: recipe for target 'cmTC_353eb/fast' failed
make: *** [cmTC_353eb/fast] Error 2

File /home/tryan/voice_analytics/pyside/PySide-1.2.4/pyside_build/py3.5-qt4.8.7-64bit-release/pyside-tools/CMakeFiles/CMakeTmp/CheckSymbolExists.cxx:
/* */
#include <QtCore/qglobal.h>

int main(int argc, char** argv)
{
  (void)argv;
#ifndef Q_WS_WIN
  return ((int*)(&Q_WS_WIN))[argc];
#else
  (void)argc;
  return 0;
#endif
}

Determining if the Q_WS_QWS exist failed with the following output:
Change Dir: /home/tryan/voice_analytics/pyside/PySide-1.2.4/pyside_build/py3.5-qt4.8.7-64bit-release/pyside-tools/CMakeFiles/CMakeTmp

Run Build Command:"/usr/bin/make" "cmTC_4006c/fast"
/usr/bin/make -f CMakeFiles/cmTC_4006c.dir/build.make CMakeFiles/cmTC_4006c.dir/build
make[1]: Entering directory '/home/tryan/voice_analytics/pyside/PySide-1.2.4/pyside_build/py3.5-qt4.8.7-64bit-release/pyside-tools/CMakeFiles/CMakeTmp'
Building CXX object CMakeFiles/cmTC_4006c.dir/CheckSymbolExists.cxx.o
/usr/bin/c++    -I/usr/include/qt4   -o CMakeFiles/cmTC_4006c.dir/CheckSymbolExists.cxx.o -c /home/tryan/voice_analytics/pyside/PySide-1.2.4/pyside_build/py3.5-qt4.8.7-64bit-release/pyside-tools/CMakeFiles/CMakeTmp/CheckSymbolExists.cxx
/home/tryan/voice_analytics/pyside/PySide-1.2.4/pyside_build/py3.5-qt4.8.7-64bit-release/pyside-tools/CMakeFiles/CMakeTmp/CheckSymbolExists.cxx: In function ‘int main(int, char**)’:
/home/tryan/voice_analytics/pyside/PySide-1.2.4/pyside_build/py3.5-qt4.8.7-64bit-release/pyside-tools/CMakeFiles/CMakeTmp/CheckSymbolExists.cxx:8:19: error: ‘Q_WS_QWS’ was not declared in this scope
   return ((int*)(&Q_WS_QWS))[argc];
                   ^
CMakeFiles/cmTC_4006c.dir/build.make:65: recipe for target 'CMakeFiles/cmTC_4006c.dir/CheckSymbolExists.cxx.o' failed
make[1]: *** [CMakeFiles/cmTC_4006c.dir/CheckSymbolExists.cxx.o] Error 1
make[1]: Leaving directory '/home/tryan/voice_analytics/pyside/PySide-1.2.4/pyside_build/py3.5-qt4.8.7-64bit-release/pyside-tools/CMakeFiles/CMakeTmp'
Makefile:126: recipe for target 'cmTC_4006c/fast' failed
make: *** [cmTC_4006c/fast] Error 2

File /home/tryan/voice_analytics/pyside/PySide-1.2.4/pyside_build/py3.5-qt4.8.7-64bit-release/pyside-tools/CMakeFiles/CMakeTmp/CheckSymbolExists.cxx:
/* */
#include <QtCore/qglobal.h>

int main(int argc, char** argv)
{
  (void)argv;
#ifndef Q_WS_QWS
  return ((int*)(&Q_WS_QWS))[argc];
#else
  (void)argc;
  return 0;
#endif
}

Determining if the Q_WS_MAC exist failed with the following output:
Change Dir: /home/tryan/voice_analytics/pyside/PySide-1.2.4/pyside_build/py3.5-qt4.8.7-64bit-release/pyside-tools/CMakeFiles/CMakeTmp

Run Build Command:"/usr/bin/make" "cmTC_097cd/fast"
/usr/bin/make -f CMakeFiles/cmTC_097cd.dir/build.make CMakeFiles/cmTC_097cd.dir/build
make[1]: Entering directory '/home/tryan/voice_analytics/pyside/PySide-1.2.4/pyside_build/py3.5-qt4.8.7-64bit-release/pyside-tools/CMakeFiles/CMakeTmp'
Building CXX object CMakeFiles/cmTC_097cd.dir/CheckSymbolExists.cxx.o
/usr/bin/c++    -I/usr/include/qt4   -o CMakeFiles/cmTC_097cd.dir/CheckSymbolExists.cxx.o -c /home/tryan/voice_analytics/pyside/PySide-1.2.4/pyside_build/py3.5-qt4.8.7-64bit-release/pyside-tools/CMakeFiles/CMakeTmp/CheckSymbolExists.cxx
/home/tryan/voice_analytics/pyside/PySide-1.2.4/pyside_build/py3.5-qt4.8.7-64bit-release/pyside-tools/CMakeFiles/CMakeTmp/CheckSymbolExists.cxx: In function ‘int main(int, char**)’:
/home/tryan/voice_analytics/pyside/PySide-1.2.4/pyside_build/py3.5-qt4.8.7-64bit-release/pyside-tools/CMakeFiles/CMakeTmp/CheckSymbolExists.cxx:8:19: error: ‘Q_WS_MAC’ was not declared in this scope
   return ((int*)(&Q_WS_MAC))[argc];
                   ^
CMakeFiles/cmTC_097cd.dir/build.make:65: recipe for target 'CMakeFiles/cmTC_097cd.dir/CheckSymbolExists.cxx.o' failed
make[1]: *** [CMakeFiles/cmTC_097cd.dir/CheckSymbolExists.cxx.o] Error 1
make[1]: Leaving directory '/home/tryan/voice_analytics/pyside/PySide-1.2.4/pyside_build/py3.5-qt4.8.7-64bit-release/pyside-tools/CMakeFiles/CMakeTmp'
Makefile:126: recipe for target 'cmTC_097cd/fast' failed
make: *** [cmTC_097cd/fast] Error 2

File /home/tryan/voice_analytics/pyside/PySide-1.2.4/pyside_build/py3.5-qt4.8.7-64bit-release/pyside-tools/CMakeFiles/CMakeTmp/CheckSymbolExists.cxx:
/* */
#include <QtCore/qglobal.h>

int main(int argc, char** argv)
{
  (void)argv;
#ifndef Q_WS_MAC
  return ((int*)(&Q_WS_MAC))[argc];
#else
  (void)argc;
  return 0;
#endif
}

