Determining if the Q_WS_WIN exist failed with the following output:
Change Dir: /root/pyside/PySide-1.2.4/pyside_build/py3.5-qt4.8.5-64bit-release/pyside-tools/CMakeFiles/CMakeTmp

Run Build Command:/usr/bin/gmake "cmTryCompileExec1819012473/fast"
/usr/bin/gmake -f CMakeFiles/cmTryCompileExec1819012473.dir/build.make CMakeFiles/cmTryCompileExec1819012473.dir/build
gmake[1]: Entering directory `/root/pyside/PySide-1.2.4/pyside_build/py3.5-qt4.8.5-64bit-release/pyside-tools/CMakeFiles/CMakeTmp'
/usr/bin/cmake -E cmake_progress_report /root/pyside/PySide-1.2.4/pyside_build/py3.5-qt4.8.5-64bit-release/pyside-tools/CMakeFiles/CMakeTmp/CMakeFiles 1
Building CXX object CMakeFiles/cmTryCompileExec1819012473.dir/CheckSymbolExists.cxx.o
/usr/bin/c++     -o CMakeFiles/cmTryCompileExec1819012473.dir/CheckSymbolExists.cxx.o -c /root/pyside/PySide-1.2.4/pyside_build/py3.5-qt4.8.5-64bit-release/pyside-tools/CMakeFiles/CMakeTmp/CheckSymbolExists.cxx
/root/pyside/PySide-1.2.4/pyside_build/py3.5-qt4.8.5-64bit-release/pyside-tools/CMakeFiles/CMakeTmp/CheckSymbolExists.cxx: In function ‘int main(int, char**)’:
/root/pyside/PySide-1.2.4/pyside_build/py3.5-qt4.8.5-64bit-release/pyside-tools/CMakeFiles/CMakeTmp/CheckSymbolExists.cxx:8:19: error: ‘Q_WS_WIN’ was not declared in this scope
   return ((int*)(&Q_WS_WIN))[argc];
                   ^
gmake[1]: *** [CMakeFiles/cmTryCompileExec1819012473.dir/CheckSymbolExists.cxx.o] Error 1
gmake[1]: Leaving directory `/root/pyside/PySide-1.2.4/pyside_build/py3.5-qt4.8.5-64bit-release/pyside-tools/CMakeFiles/CMakeTmp'
gmake: *** [cmTryCompileExec1819012473/fast] Error 2

File /root/pyside/PySide-1.2.4/pyside_build/py3.5-qt4.8.5-64bit-release/pyside-tools/CMakeFiles/CMakeTmp/CheckSymbolExists.cxx:
/* */
#include <QtCore/qglobal.h>

int main(int argc, char** argv)
{
  (void)argv;
#ifndef Q_WS_WIN
  return ((int*)(&Q_WS_WIN))[argc];
#else
  (void)argc;
  return 0;
#endif
}

Determining if the Q_WS_QWS exist failed with the following output:
Change Dir: /root/pyside/PySide-1.2.4/pyside_build/py3.5-qt4.8.5-64bit-release/pyside-tools/CMakeFiles/CMakeTmp

Run Build Command:/usr/bin/gmake "cmTryCompileExec2000812487/fast"
/usr/bin/gmake -f CMakeFiles/cmTryCompileExec2000812487.dir/build.make CMakeFiles/cmTryCompileExec2000812487.dir/build
gmake[1]: Entering directory `/root/pyside/PySide-1.2.4/pyside_build/py3.5-qt4.8.5-64bit-release/pyside-tools/CMakeFiles/CMakeTmp'
/usr/bin/cmake -E cmake_progress_report /root/pyside/PySide-1.2.4/pyside_build/py3.5-qt4.8.5-64bit-release/pyside-tools/CMakeFiles/CMakeTmp/CMakeFiles 1
Building CXX object CMakeFiles/cmTryCompileExec2000812487.dir/CheckSymbolExists.cxx.o
/usr/bin/c++     -o CMakeFiles/cmTryCompileExec2000812487.dir/CheckSymbolExists.cxx.o -c /root/pyside/PySide-1.2.4/pyside_build/py3.5-qt4.8.5-64bit-release/pyside-tools/CMakeFiles/CMakeTmp/CheckSymbolExists.cxx
/root/pyside/PySide-1.2.4/pyside_build/py3.5-qt4.8.5-64bit-release/pyside-tools/CMakeFiles/CMakeTmp/CheckSymbolExists.cxx: In function ‘int main(int, char**)’:
/root/pyside/PySide-1.2.4/pyside_build/py3.5-qt4.8.5-64bit-release/pyside-tools/CMakeFiles/CMakeTmp/CheckSymbolExists.cxx:8:19: error: ‘Q_WS_QWS’ was not declared in this scope
   return ((int*)(&Q_WS_QWS))[argc];
                   ^
gmake[1]: *** [CMakeFiles/cmTryCompileExec2000812487.dir/CheckSymbolExists.cxx.o] Error 1
gmake[1]: Leaving directory `/root/pyside/PySide-1.2.4/pyside_build/py3.5-qt4.8.5-64bit-release/pyside-tools/CMakeFiles/CMakeTmp'
gmake: *** [cmTryCompileExec2000812487/fast] Error 2

File /root/pyside/PySide-1.2.4/pyside_build/py3.5-qt4.8.5-64bit-release/pyside-tools/CMakeFiles/CMakeTmp/CheckSymbolExists.cxx:
/* */
#include <QtCore/qglobal.h>

int main(int argc, char** argv)
{
  (void)argv;
#ifndef Q_WS_QWS
  return ((int*)(&Q_WS_QWS))[argc];
#else
  (void)argc;
  return 0;
#endif
}

Determining if the Q_WS_MAC exist failed with the following output:
Change Dir: /root/pyside/PySide-1.2.4/pyside_build/py3.5-qt4.8.5-64bit-release/pyside-tools/CMakeFiles/CMakeTmp

Run Build Command:/usr/bin/gmake "cmTryCompileExec21279802/fast"
/usr/bin/gmake -f CMakeFiles/cmTryCompileExec21279802.dir/build.make CMakeFiles/cmTryCompileExec21279802.dir/build
gmake[1]: Entering directory `/root/pyside/PySide-1.2.4/pyside_build/py3.5-qt4.8.5-64bit-release/pyside-tools/CMakeFiles/CMakeTmp'
/usr/bin/cmake -E cmake_progress_report /root/pyside/PySide-1.2.4/pyside_build/py3.5-qt4.8.5-64bit-release/pyside-tools/CMakeFiles/CMakeTmp/CMakeFiles 1
Building CXX object CMakeFiles/cmTryCompileExec21279802.dir/CheckSymbolExists.cxx.o
/usr/bin/c++     -o CMakeFiles/cmTryCompileExec21279802.dir/CheckSymbolExists.cxx.o -c /root/pyside/PySide-1.2.4/pyside_build/py3.5-qt4.8.5-64bit-release/pyside-tools/CMakeFiles/CMakeTmp/CheckSymbolExists.cxx
/root/pyside/PySide-1.2.4/pyside_build/py3.5-qt4.8.5-64bit-release/pyside-tools/CMakeFiles/CMakeTmp/CheckSymbolExists.cxx: In function ‘int main(int, char**)’:
/root/pyside/PySide-1.2.4/pyside_build/py3.5-qt4.8.5-64bit-release/pyside-tools/CMakeFiles/CMakeTmp/CheckSymbolExists.cxx:8:19: error: ‘Q_WS_MAC’ was not declared in this scope
   return ((int*)(&Q_WS_MAC))[argc];
                   ^
gmake[1]: *** [CMakeFiles/cmTryCompileExec21279802.dir/CheckSymbolExists.cxx.o] Error 1
gmake[1]: Leaving directory `/root/pyside/PySide-1.2.4/pyside_build/py3.5-qt4.8.5-64bit-release/pyside-tools/CMakeFiles/CMakeTmp'
gmake: *** [cmTryCompileExec21279802/fast] Error 2

File /root/pyside/PySide-1.2.4/pyside_build/py3.5-qt4.8.5-64bit-release/pyside-tools/CMakeFiles/CMakeTmp/CheckSymbolExists.cxx:
/* */
#include <QtCore/qglobal.h>

int main(int argc, char** argv)
{
  (void)argv;
#ifndef Q_WS_MAC
  return ((int*)(&Q_WS_MAC))[argc];
#else
  (void)argc;
  return 0;
#endif
}

